<?xml version="1.0" encoding="UTF-8"?>
<testng-results total="1" passed="1" failed="0" skipped="0">
  <reporter-output>
    <line>
      <![CDATA[Application Opened]]>
    </line>
    <line>
      <![CDATA[Login completed]]>
    </line>
    <line>
      <![CDATA[Enter into frame]]>
    </line>
    <line>
      <![CDATA[New emp Added]]>
    </line>
    <line>
      <![CDATA[Exit from frame]]>
    </line>
    <line>
      <![CDATA[Exit from frame]]>
    </line>
    <line>
      <![CDATA[Application closed]]>
    </line>
  </reporter-output>
  <suite started-at="2024-03-15T05:57:29Z" name="Default suite" finished-at="2024-03-15T05:58:38Z" duration-ms="69028">
    <groups>
    </groups>
    <test started-at="2024-03-15T05:57:29Z" name="Default test" finished-at="2024-03-15T05:58:38Z" duration-ms="69028">
      <class name="Com.hrms.TestScripts.TC001">
        <test-method signature="Tc001()[pri:0, instance:Com.hrms.TestScripts.TC001@449a4f23]" started-at="2024-03-15T11:27:29Z" name="Tc001" finished-at="2024-03-15T11:28:38Z" duration-ms="69010" status="PASS">
          <reporter-output>
            <line>
              <![CDATA[Application Opened]]>
            </line>
            <line>
              <![CDATA[Login completed]]>
            </line>
            <line>
              <![CDATA[Enter into frame]]>
            </line>
            <line>
              <![CDATA[New emp Added]]>
            </line>
            <line>
              <![CDATA[Exit from frame]]>
            </line>
            <line>
              <![CDATA[Exit from frame]]>
            </line>
            <line>
              <![CDATA[Application closed]]>
            </line>
          </reporter-output>
        </test-method> <!-- Tc001 -->
      </class> <!-- Com.hrms.TestScripts.TC001 -->
    </test> <!-- Default test -->
  </suite> <!-- Default suite -->
</testng-results>
